21/02/2023 12:02:33	Ce journal contient des informations sur l'importation du schéma dans le projet 'ECF_Quai_Antique_DB' sur l'ordinateur 'DESKTOP-65JFOKU' par l'utilisateur 'denpa'.
21/02/2023 12:02:35	L'importation du schéma de base de données a commencé.
21/02/2023 12:02:39	Collecte des informations d'identification à la base de données
21/02/2023 12:02:39	Collecte des options de la base de données
21/02/2023 12:02:39	Collecte de l'option de configuration étendue à la base de données générique
21/02/2023 12:02:39	Collecte des utilisateurs
21/02/2023 12:02:39	Collecte des rôles
21/02/2023 12:02:39	Collecte des rôles d'application
21/02/2023 12:02:39	Collecte des appartenances aux rôles
21/02/2023 12:02:39	Collecte des groupes de fichiers
21/02/2023 12:02:39	Collecte des catalogues de recherche en texte intégral
21/02/2023 12:02:39	Collecte des assemblys
21/02/2023 12:02:39	Collecte des certificats
21/02/2023 12:02:39	Collecte des clés asymétriques
21/02/2023 12:02:39	Collecte des clés symétriques
21/02/2023 12:02:39	Collecte des clés symétriques chiffrées
21/02/2023 12:02:39	Collecte des schémas
21/02/2023 12:02:39	Collecte des collections de schémas XML
21/02/2023 12:02:39	Collecte des types de données définis par l'utilisateur
21/02/2023 12:02:39	Collecte des types définis par l'utilisateur
21/02/2023 12:02:39	Collecte des types de tables
21/02/2023 12:02:39	Collecte des clés uniques des types de tables
21/02/2023 12:02:39	Collecte des clés primaires pour les types de tables
21/02/2023 12:02:39	Collecte d'index pour types de tables
21/02/2023 12:02:39	Collecte des contraintes de validation pour les types de tables
21/02/2023 12:02:39	Collecte des contraintes par défaut pour les types de tables
21/02/2023 12:02:39	Collecte des fonctions de partition
21/02/2023 12:02:39	Collecte des schémas de partition
21/02/2023 12:02:39	Collecte des fonctions
21/02/2023 12:02:39	Collecte de fonctions cryptées
21/02/2023 12:02:39	Collecte des agrégats
21/02/2023 12:02:39	Collecte des procédures
21/02/2023 12:02:39	Collecte de procédures cryptées
21/02/2023 12:02:39	Collecte des tables
21/02/2023 12:02:39	Collecte des clés primaires
21/02/2023 12:02:39	Collecte des contraintes uniques
21/02/2023 12:02:39	Collecte des clés étrangères
21/02/2023 12:02:39	Collecte des contraintes par défaut
21/02/2023 12:02:39	Collecte des contraintes de validation
21/02/2023 12:02:39	Collecte des vues
21/02/2023 12:02:39	Collecte de vues cryptées
21/02/2023 12:02:39	Collecte des index
21/02/2023 12:02:39	Collecte des statistiques
21/02/2023 12:02:39	Collecte des listes de mots vides d'index de recherche en texte intégral
21/02/2023 12:02:39	Collecte des listes de propriétés de recherche
21/02/2023 12:02:39	Collecte des propriétés de recherche
21/02/2023 12:02:39	Collecte des index de recherche en texte intégral
21/02/2023 12:02:39	Collecte des index de la banque de colonnes
21/02/2023 12:02:39	Collecte des index spatiaux
21/02/2023 12:02:39	Collecte des index XML
21/02/2023 12:02:39	Collecte d'index XML sélectifs
21/02/2023 12:02:39	Collecte de déclencheurs cryptés
21/02/2023 12:02:39	Collecte des déclencheurs
21/02/2023 12:02:39	Collecte des déclencheurs chiffrés et DDL CLR
21/02/2023 12:02:39	Collecte des DDL triggers
21/02/2023 12:02:39	Création de contraintes d'arête
21/02/2023 12:02:39	Collecte des synonymes
21/02/2023 12:02:39	Collecte des valeurs par défaut
21/02/2023 12:02:39	Collecte des liaisons UDDT de contrainte de données
21/02/2023 12:02:39	Collecte des règles
21/02/2023 12:02:39	Collecte des liaisons UDDT de contrainte de données
21/02/2023 12:02:39	Collecte des types de messages
21/02/2023 12:02:39	Collecte des files d'attente
21/02/2023 12:02:39	Collecte des contrats
21/02/2023 12:02:39	Collecte des services
21/02/2023 12:02:39	Collecte des notifications d'événements
21/02/2023 12:02:39	Collecte des liaisons de service distant
21/02/2023 12:02:39	Collecte des priorités de Service Broker
21/02/2023 12:02:39	Collecte des signatures
21/02/2023 12:02:39	Collection des options de compression de données
21/02/2023 12:02:39	Collecte des types de séquences
21/02/2023 12:02:39	Collecte des stratégies de sécurité
21/02/2023 12:02:39	Collecter les clés de chiffrement de colonne
21/02/2023 12:02:39	Collecte des clés principales de colonne
21/02/2023 12:02:39	Collecte des sources de données externes
21/02/2023 12:02:39	Collecte des formats de fichier externes
21/02/2023 12:02:39	Collecte des tables externes
21/02/2023 12:02:39	Collection des propriétés étendues
21/02/2023 12:02:39	Collecte des assemblys
21/02/2023 12:02:40	Collecte des informations d'identification
21/02/2023 12:02:40	Collecte des connexions
21/02/2023 12:02:40	Collecte des audits du serveur
21/02/2023 12:02:40	Importation de la base de données terminée.
21/02/2023 12:02:40	Un résumé de l'opération d'importation a été enregistré à l'emplacement suivant : D:\ECF\ECF_GraduateDeveloppeur_Juin2023_Denis_Lapa\Projet Restaurant\ECF_Quai_Antique_DB\Importer les journaux de schémas\ECF_Quai_Antique_DB_20230221110233.log.
21/02/2023 12:02:40	Cliquez sur Terminer pour continuer...
